<?xml version="1.0" encoding="UTF-8"?>
<!-- Generated by org.testng.reporters.JUnitXMLReporter -->
<testsuite ignored="0" hostname="DESKTOP-7TRLK3B" failures="0" tests="4" name="Default test" time="13.923" errors="0" timestamp="2024-04-02T17:03:07 IST">
  <testcase classname="api.testCases.UserTest" name="testCreateUser" time="5.882"/>
  <testcase classname="api.testCases.UserTest" name="testGetUser" time="1.385"/>
  <testcase classname="api.testCases.UserTest" name="testUpdateUser" time="2.645"/>
  <testcase classname="api.testCases.UserTest" name="testDeleteUser" time="1.299"/>
</testsuite> <!-- Default test -->
