<?xml version="1.0" encoding="UTF-8"?>
<!-- Generated by org.testng.reporters.JUnitXMLReporter -->
<testsuite ignored="0" hostname="DESKTOP-7TRLK3B" failures="0" tests="4" name="Test" time="12.08" errors="0" timestamp="2024-04-02T17:49:27 IST">
  <testcase classname="api.testCases.UserTest" name="testCreateUser" time="5.123"/>
  <testcase classname="api.testCases.UserTest" name="testGetUser" time="1.365"/>
  <testcase classname="api.testCases.UserTest" name="testUpdateUser" time="2.667"/>
  <testcase classname="api.testCases.UserTest" name="testDeleteUser" time="1.324"/>
</testsuite> <!-- Test -->
