<?xml version="1.0" encoding="UTF-8"?>
<!-- Generated by org.testng.reporters.JUnitXMLReporter -->
<testsuite ignored="0" hostname="DESKTOP-7TRLK3B" failures="0" tests="4" name="Test" time="14.504" errors="0" timestamp="2024-04-02T19:20:19 IST">
  <testcase classname="api.testCases.UserTest" name="testCreateUser" time="6.754"/>
  <testcase classname="api.testCases.UserTest" name="testGetUser" time="1.519"/>
  <testcase classname="api.testCases.UserTest" name="testUpdateUser" time="2.687"/>
  <testcase classname="api.testCases.UserTest" name="testDeleteUser" time="1.335"/>
</testsuite> <!-- Test -->
