<?xml version="1.0" encoding="UTF-8"?>
<testng-results ignored="0" total="4" passed="4" failed="0" skipped="0">
  <reporter-output>
  </reporter-output>
  <suite started-at="2024-04-02T19:20:05 IST" name="Suite" finished-at="2024-04-02T19:20:19 IST" duration-ms="14504">
    <groups>
    </groups>
    <test started-at="2024-04-02T19:20:05 IST" name="Test" finished-at="2024-04-02T19:20:19 IST" duration-ms="14504">
      <class name="api.testCases.UserTest">
        <test-method is-config="true" signature="generateTestData()[pri:0, instance:api.testCases.UserTest@78e4deb0]" started-at="2024-04-02T19:20:05 IST" name="generateTestData" finished-at="2024-04-02T19:20:07 IST" duration-ms="2099" status="PASS">
          <reporter-output>
          </reporter-output>
        </test-method> <!-- generateTestData -->
        <test-method signature="testCreateUser()[pri:1, instance:api.testCases.UserTest@78e4deb0]" started-at="2024-04-02T19:20:07 IST" name="testCreateUser" finished-at="2024-04-02T19:20:14 IST" duration-ms="6754" status="PASS">
          <reporter-output>
          </reporter-output>
        </test-method> <!-- testCreateUser -->
        <test-method signature="testGetUser()[pri:2, instance:api.testCases.UserTest@78e4deb0]" started-at="2024-04-02T19:20:14 IST" name="testGetUser" finished-at="2024-04-02T19:20:15 IST" duration-ms="1519" status="PASS">
          <reporter-output>
          </reporter-output>
        </test-method> <!-- testGetUser -->
        <test-method signature="testUpdateUser()[pri:3, instance:api.testCases.UserTest@78e4deb0]" started-at="2024-04-02T19:20:15 IST" name="testUpdateUser" finished-at="2024-04-02T19:20:18 IST" duration-ms="2687" status="PASS">
          <reporter-output>
          </reporter-output>
        </test-method> <!-- testUpdateUser -->
        <test-method signature="testDeleteUser()[pri:4, instance:api.testCases.UserTest@78e4deb0]" started-at="2024-04-02T19:20:18 IST" name="testDeleteUser" finished-at="2024-04-02T19:20:19 IST" duration-ms="1335" status="PASS">
          <reporter-output>
          </reporter-output>
        </test-method> <!-- testDeleteUser -->
      </class> <!-- api.testCases.UserTest -->
    </test> <!-- Test -->
  </suite> <!-- Suite -->
</testng-results>
