<?xml version="1.0" encoding="UTF-8"?>
<testng-results ignored="0" total="4" passed="4" failed="0" skipped="0">
  <reporter-output>
  </reporter-output>
  <suite started-at="2024-04-02T17:49:14 IST" name="Suite" finished-at="2024-04-02T17:49:27 IST" duration-ms="12080">
    <groups>
    </groups>
    <test started-at="2024-04-02T17:49:14 IST" name="Test" finished-at="2024-04-02T17:49:27 IST" duration-ms="12080">
      <class name="api.testCases.UserTest">
        <test-method is-config="true" signature="generateTestData()[pri:0, instance:api.testCases.UserTest@7ae0a9ec]" started-at="2024-04-02T17:49:15 IST" name="generateTestData" finished-at="2024-04-02T17:49:16 IST" duration-ms="1473" status="PASS">
          <reporter-output>
          </reporter-output>
        </test-method> <!-- generateTestData -->
        <test-method signature="testCreateUser()[pri:1, instance:api.testCases.UserTest@7ae0a9ec]" started-at="2024-04-02T17:49:16 IST" name="testCreateUser" finished-at="2024-04-02T17:49:21 IST" duration-ms="5123" status="PASS">
          <reporter-output>
          </reporter-output>
        </test-method> <!-- testCreateUser -->
        <test-method signature="testGetUser()[pri:2, instance:api.testCases.UserTest@7ae0a9ec]" started-at="2024-04-02T17:49:21 IST" name="testGetUser" finished-at="2024-04-02T17:49:23 IST" duration-ms="1365" status="PASS">
          <reporter-output>
          </reporter-output>
        </test-method> <!-- testGetUser -->
        <test-method signature="testUpdateUser()[pri:3, instance:api.testCases.UserTest@7ae0a9ec]" started-at="2024-04-02T17:49:23 IST" name="testUpdateUser" finished-at="2024-04-02T17:49:25 IST" duration-ms="2667" status="PASS">
          <reporter-output>
          </reporter-output>
        </test-method> <!-- testUpdateUser -->
        <test-method signature="testDeleteUser()[pri:4, instance:api.testCases.UserTest@7ae0a9ec]" started-at="2024-04-02T17:49:25 IST" name="testDeleteUser" finished-at="2024-04-02T17:49:27 IST" duration-ms="1324" status="PASS">
          <reporter-output>
          </reporter-output>
        </test-method> <!-- testDeleteUser -->
      </class> <!-- api.testCases.UserTest -->
    </test> <!-- Test -->
  </suite> <!-- Suite -->
</testng-results>
